This is pdfTeX, Version 3.14159265-2.6-1.40.21 (MiKTeX 20.6.29) (preloaded format=pdflatex 2021.10.28)  28 OCT 2021 16:01
entering extended mode
**"./Practice 3.tex"
("Practice 3.tex"
LaTeX2e <2020-02-02> patch level 5
L3 programming layer <2020-06-18>
("C:\Users\SST Computer Lab\AppData\Local\Programs\MiKTeX\tex/latex/base\articl
e.cls"
Document Class: article 2019/12/20 v1.4l Standard LaTeX document class

("C:\Users\SST Computer Lab\AppData\Local\Programs\MiKTeX\tex/latex/base\size10
.clo"
File: size10.clo 2019/12/20 v1.4l Standard LaTeX file (size option)
)
\c@part=\count167
\c@section=\count168
\c@subsection=\count169
\c@subsubsection=\count170
\c@paragraph=\count171
\c@subparagraph=\count172
\c@figure=\count173
\c@table=\count174
\abovecaptionskip=\skip47
\belowcaptionskip=\skip48
\bibindent=\dimen134
)
("C:\Users\SST Computer Lab\AppData\Local\Programs\MiKTeX\tex/latex/l3backend\l
3backend-pdfmode.def"
File: l3backend-pdfmode.def 2020-06-29 L3 backend support: PDF mode
\l__kernel_color_stack_int=\count175
\l__pdf_internal_box=\box45
) ("Practice 3.aux")
\openout1 = `"Practice 3.aux"'.

LaTeX Font Info:    Checking defaults for OML/cmm/m/it on input line 7.
LaTeX Font Info:    ... okay on input line 7.
LaTeX Font Info:    Checking defaults for OMS/cmsy/m/n on input line 7.
LaTeX Font Info:    ... okay on input line 7.
LaTeX Font Info:    Checking defaults for OT1/cmr/m/n on input line 7.
LaTeX Font Info:    ... okay on input line 7.
LaTeX Font Info:    Checking defaults for T1/cmr/m/n on input line 7.
LaTeX Font Info:    ... okay on input line 7.
LaTeX Font Info:    Checking defaults for TS1/cmr/m/n on input line 7.
LaTeX Font Info:    ... okay on input line 7.
LaTeX Font Info:    Checking defaults for OMX/cmex/m/n on input line 7.
LaTeX Font Info:    ... okay on input line 7.
LaTeX Font Info:    Checking defaults for U/cmr/m/n on input line 7.
LaTeX Font Info:    ... okay on input line 7.
LaTeX Font Info:    External font `cmex10' loaded for size
(Font)              <12> on input line 9.
LaTeX Font Info:    External font `cmex10' loaded for size
(Font)              <8> on input line 9.
LaTeX Font Info:    External font `cmex10' loaded for size
(Font)              <6> on input line 9.

! Missing number, treated as zero.
<to be read again> 
                   \hfil 
l.10 	\newpage
              
A number should have been here; I inserted `0'.
(If you can't figure out why I needed to see a number,
look up `weird error' in the index to The TeXbook.)

[1

{C:/Users/SST Computer Lab/AppData/Local/MiKTeX/pdftex/config/pdftex.map}]
[1] ("Practice 3.aux") ) 
Here is how much of TeX's memory you used:
 386 strings out of 480790
 6807 string characters out of 2892107
 238890 words of memory out of 3000000
 16471 multiletter control sequences out of 15000+200000
 535373 words of font info for 34 fonts, out of 3000000 for 9000
 1141 hyphenation exceptions out of 8191
 25i,6n,19p,136b,187s stack positions out of 5000i,500n,10000p,200000b,50000s
<C:/Users/SST Computer Lab/AppData/Local/Programs/MiKTe
X/fonts/type1/public/amsfonts/cm/cmr10.pfb><C:/Users/SST Computer Lab/AppData/L
ocal/Programs/MiKTeX/fonts/type1/public/amsfonts/cm/cmr12.pfb><C:/Users/SST Com
puter Lab/AppData/Local/Programs/MiKTeX/fonts/type1/public/amsfonts/cm/cmr17.pf
b>
Output written on "Practice 3.pdf" (2 pages, 34584 bytes).
PDF statistics:
 21 PDF objects out of 1000 (max. 8388607)
 0 named destinations out of 1000 (max. 500000)
 1 words of extra memory for PDF output out of 10000 (max. 10000000)

